1764789504.245023 client started (88079): version 3.5a, socket /private/tmp/tmux-501/default, protocol 8
1764789504.245072 on Darwin 25.1.0 Darwin Kernel Version 25.1.0: Mon Oct 20 19:34:03 PDT 2025; root:xnu-12377.41.6~2/RELEASE_ARM64_T8112
1764789504.245078 using libevent 2.1.12-stable select
1764789504.245237 using utf8proc 2.11.0
1764789504.245242 using ncurses 6.5 20240427
1764789504.245251 flags are 0x18010000
1764789504.245255 socket is /private/tmp/tmux-501/default
1764789504.245263 trying connect
1764789504.245289 add peer 0xb6b41c000: 6 (0x0)
1764789504.248860 sending message 111 to peer 0xb6b41c000 (8 bytes)
1764789504.248870 sending message 111 to peer 0xb6b41c000 (8 bytes)
1764789504.248874 sending message 101 to peer 0xb6b41c000 (15 bytes)
1764789504.248878 sending message 109 to peer 0xb6b41c000 (4 bytes)
1764789504.248881 sending message 102 to peer 0xb6b41c000 (13 bytes)
1764789504.248884 sending message 108 to peer 0xb6b41c000 (28 bytes)
1764789504.248887 sending message 112 to peer 0xb6b41c000 (58 bytes)
1764789504.248889 sending message 112 to peer 0xb6b41c000 (5 bytes)
1764789504.248892 sending message 112 to peer 0xb6b41c000 (5 bytes)
1764789504.248897 sending message 112 to peer 0xb6b41c000 (6 bytes)
1764789504.248901 sending message 112 to peer 0xb6b41c000 (6 bytes)
1764789504.248904 sending message 112 to peer 0xb6b41c000 (11 bytes)
1764789504.248906 sending message 112 to peer 0xb6b41c000 (10 bytes)
1764789504.248909 sending message 112 to peer 0xb6b41c000 (13 bytes)
1764789504.248912 sending message 112 to peer 0xb6b41c000 (14 bytes)
1764789504.248914 sending message 112 to peer 0xb6b41c000 (19 bytes)
1764789504.248917 sending message 112 to peer 0xb6b41c000 (11 bytes)
1764789504.248920 sending message 112 to peer 0xb6b41c000 (10 bytes)
1764789504.248922 sending message 112 to peer 0xb6b41c000 (15 bytes)
1764789504.248925 sending message 112 to peer 0xb6b41c000 (21 bytes)
1764789504.248927 sending message 112 to peer 0xb6b41c000 (13 bytes)
1764789504.248930 sending message 112 to peer 0xb6b41c000 (7 bytes)
1764789504.248933 sending message 112 to peer 0xb6b41c000 (13 bytes)
1764789504.248935 sending message 112 to peer 0xb6b41c000 (7 bytes)
1764789504.248938 sending message 112 to peer 0xb6b41c000 (13 bytes)
1764789504.248940 sending message 112 to peer 0xb6b41c000 (9 bytes)
1764789504.248943 sending message 112 to peer 0xb6b41c000 (21 bytes)
1764789504.248946 sending message 112 to peer 0xb6b41c000 (13 bytes)
1764789504.248948 sending message 112 to peer 0xb6b41c000 (9 bytes)
1764789504.248951 sending message 112 to peer 0xb6b41c000 (16 bytes)
1764789504.248953 sending message 112 to peer 0xb6b41c000 (13 bytes)
1764789504.248956 sending message 112 to peer 0xb6b41c000 (9 bytes)
1764789504.248958 sending message 112 to peer 0xb6b41c000 (9 bytes)
1764789504.248961 sending message 112 to peer 0xb6b41c000 (12 bytes)
1764789504.248964 sending message 112 to peer 0xb6b41c000 (8 bytes)
1764789504.248966 sending message 112 to peer 0xb6b41c000 (8 bytes)
1764789504.248969 sending message 112 to peer 0xb6b41c000 (13 bytes)
1764789504.248972 sending message 112 to peer 0xb6b41c000 (7 bytes)
1764789504.248974 sending message 112 to peer 0xb6b41c000 (7 bytes)
1764789504.248977 sending message 112 to peer 0xb6b41c000 (9 bytes)
1764789504.248980 sending message 112 to peer 0xb6b41c000 (9 bytes)
1764789504.248983 sending message 112 to peer 0xb6b41c000 (15 bytes)
1764789504.248985 sending message 112 to peer 0xb6b41c000 (13 bytes)
1764789504.248988 sending message 112 to peer 0xb6b41c000 (12 bytes)
1764789504.248990 sending message 112 to peer 0xb6b41c000 (8 bytes)
1764789504.248993 sending message 112 to peer 0xb6b41c000 (14 bytes)
1764789504.248996 sending message 112 to peer 0xb6b41c000 (11 bytes)
1764789504.248998 sending message 112 to peer 0xb6b41c000 (9 bytes)
1764789504.249001 sending message 112 to peer 0xb6b41c000 (10 bytes)
1764789504.249003 sending message 112 to peer 0xb6b41c000 (10 bytes)
1764789504.249006 sending message 112 to peer 0xb6b41c000 (10 bytes)
1764789504.249008 sending message 112 to peer 0xb6b41c000 (10 bytes)
1764789504.249016 sending message 112 to peer 0xb6b41c000 (11 bytes)
1764789504.249018 sending message 112 to peer 0xb6b41c000 (12 bytes)
1764789504.249020 sending message 112 to peer 0xb6b41c000 (12 bytes)
1764789504.249022 sending message 112 to peer 0xb6b41c000 (12 bytes)
1764789504.249024 sending message 112 to peer 0xb6b41c000 (12 bytes)
1764789504.249026 sending message 112 to peer 0xb6b41c000 (12 bytes)
1764789504.249027 sending message 112 to peer 0xb6b41c000 (11 bytes)
1764789504.249029 sending message 112 to peer 0xb6b41c000 (11 bytes)
1764789504.249031 sending message 112 to peer 0xb6b41c000 (12 bytes)
1764789504.249033 sending message 112 to peer 0xb6b41c000 (12 bytes)
1764789504.249035 sending message 112 to peer 0xb6b41c000 (12 bytes)
1764789504.249038 sending message 112 to peer 0xb6b41c000 (12 bytes)
1764789504.249041 sending message 112 to peer 0xb6b41c000 (12 bytes)
1764789504.249043 sending message 112 to peer 0xb6b41c000 (9 bytes)
1764789504.249044 sending message 112 to peer 0xb6b41c000 (12 bytes)
1764789504.249046 sending message 112 to peer 0xb6b41c000 (13 bytes)
1764789504.249048 sending message 112 to peer 0xb6b41c000 (13 bytes)
1764789504.249050 sending message 112 to peer 0xb6b41c000 (13 bytes)
1764789504.249052 sending message 112 to peer 0xb6b41c000 (13 bytes)
1764789504.249054 sending message 112 to peer 0xb6b41c000 (13 bytes)
1764789504.249056 sending message 112 to peer 0xb6b41c000 (8 bytes)
1764789504.249057 sending message 112 to peer 0xb6b41c000 (11 bytes)
1764789504.249059 sending message 112 to peer 0xb6b41c000 (11 bytes)
1764789504.249061 sending message 112 to peer 0xb6b41c000 (11 bytes)
1764789504.249063 sending message 112 to peer 0xb6b41c000 (12 bytes)
1764789504.249065 sending message 112 to peer 0xb6b41c000 (12 bytes)
1764789504.249067 sending message 112 to peer 0xb6b41c000 (12 bytes)
1764789504.249068 sending message 112 to peer 0xb6b41c000 (12 bytes)
1764789504.249070 sending message 112 to peer 0xb6b41c000 (13 bytes)
1764789504.249072 sending message 112 to peer 0xb6b41c000 (13 bytes)
1764789504.249074 sending message 112 to peer 0xb6b41c000 (13 bytes)
1764789504.249076 sending message 112 to peer 0xb6b41c000 (8 bytes)
1764789504.249078 sending message 112 to peer 0xb6b41c000 (13 bytes)
1764789504.249079 sending message 112 to peer 0xb6b41c000 (13 bytes)
1764789504.249081 sending message 112 to peer 0xb6b41c000 (13 bytes)
1764789504.249083 sending message 112 to peer 0xb6b41c000 (13 bytes)
1764789504.249085 sending message 112 to peer 0xb6b41c000 (13 bytes)
1764789504.249087 sending message 112 to peer 0xb6b41c000 (12 bytes)
1764789504.249089 sending message 112 to peer 0xb6b41c000 (12 bytes)
1764789504.249090 sending message 112 to peer 0xb6b41c000 (12 bytes)
1764789504.249092 sending message 112 to peer 0xb6b41c000 (12 bytes)
1764789504.249094 sending message 112 to peer 0xb6b41c000 (13 bytes)
1764789504.249096 sending message 112 to peer 0xb6b41c000 (8 bytes)
1764789504.249098 sending message 112 to peer 0xb6b41c000 (13 bytes)
1764789504.249100 sending message 112 to peer 0xb6b41c000 (13 bytes)
1764789504.249101 sending message 112 to peer 0xb6b41c000 (13 bytes)
1764789504.249103 sending message 112 to peer 0xb6b41c000 (13 bytes)
1764789504.249105 sending message 112 to peer 0xb6b41c000 (13 bytes)
1764789504.249107 sending message 112 to peer 0xb6b41c000 (13 bytes)
1764789504.249109 sending message 112 to peer 0xb6b41c000 (13 bytes)
1764789504.249111 sending message 112 to peer 0xb6b41c000 (12 bytes)
1764789504.249112 sending message 112 to peer 0xb6b41c000 (12 bytes)
1764789504.249114 sending message 112 to peer 0xb6b41c000 (12 bytes)
1764789504.249116 sending message 112 to peer 0xb6b41c000 (8 bytes)
1764789504.249118 sending message 112 to peer 0xb6b41c000 (12 bytes)
1764789504.249120 sending message 112 to peer 0xb6b41c000 (13 bytes)
1764789504.249122 sending message 112 to peer 0xb6b41c000 (13 bytes)
1764789504.249124 sending message 112 to peer 0xb6b41c000 (13 bytes)
1764789504.249125 sending message 112 to peer 0xb6b41c000 (13 bytes)
1764789504.249127 sending message 112 to peer 0xb6b41c000 (13 bytes)
1764789504.249134 sending message 112 to peer 0xb6b41c000 (13 bytes)
1764789504.249136 sending message 112 to peer 0xb6b41c000 (13 bytes)
1764789504.249137 sending message 112 to peer 0xb6b41c000 (13 bytes)
1764789504.249139 sending message 112 to peer 0xb6b41c000 (12 bytes)
1764789504.249141 sending message 112 to peer 0xb6b41c000 (10 bytes)
1764789504.249143 sending message 112 to peer 0xb6b41c000 (12 bytes)
1764789504.249145 sending message 112 to peer 0xb6b41c000 (12 bytes)
1764789504.249147 sending message 112 to peer 0xb6b41c000 (12 bytes)
1764789504.249149 sending message 112 to peer 0xb6b41c000 (13 bytes)
1764789504.249151 sending message 112 to peer 0xb6b41c000 (13 bytes)
1764789504.249152 sending message 112 to peer 0xb6b41c000 (13 bytes)
1764789504.249154 sending message 112 to peer 0xb6b41c000 (13 bytes)
1764789504.249156 sending message 112 to peer 0xb6b41c000 (13 bytes)
1764789504.249158 sending message 112 to peer 0xb6b41c000 (13 bytes)
1764789504.249160 sending message 112 to peer 0xb6b41c000 (13 bytes)
1764789504.249162 sending message 112 to peer 0xb6b41c000 (10 bytes)
1764789504.249164 sending message 112 to peer 0xb6b41c000 (13 bytes)
1764789504.249166 sending message 112 to peer 0xb6b41c000 (12 bytes)
1764789504.249167 sending message 112 to peer 0xb6b41c000 (12 bytes)
1764789504.249169 sending message 112 to peer 0xb6b41c000 (12 bytes)
1764789504.249171 sending message 112 to peer 0xb6b41c000 (10 bytes)
1764789504.249173 sending message 112 to peer 0xb6b41c000 (10 bytes)
1764789504.249175 sending message 112 to peer 0xb6b41c000 (10 bytes)
1764789504.249177 sending message 112 to peer 0xb6b41c000 (12 bytes)
1764789504.249178 sending message 112 to peer 0xb6b41c000 (13 bytes)
1764789504.249180 sending message 112 to peer 0xb6b41c000 (13 bytes)
1764789504.249182 sending message 112 to peer 0xb6b41c000 (13 bytes)
1764789504.249184 sending message 112 to peer 0xb6b41c000 (13 bytes)
1764789504.249186 sending message 112 to peer 0xb6b41c000 (13 bytes)
1764789504.249187 sending message 112 to peer 0xb6b41c000 (10 bytes)
1764789504.249189 sending message 112 to peer 0xb6b41c000 (11 bytes)
1764789504.249191 sending message 112 to peer 0xb6b41c000 (12 bytes)
1764789504.249193 sending message 112 to peer 0xb6b41c000 (12 bytes)
1764789504.249195 sending message 112 to peer 0xb6b41c000 (12 bytes)
1764789504.249197 sending message 112 to peer 0xb6b41c000 (12 bytes)
1764789504.249199 sending message 112 to peer 0xb6b41c000 (12 bytes)
1764789504.249201 sending message 112 to peer 0xb6b41c000 (11 bytes)
1764789504.249202 sending message 112 to peer 0xb6b41c000 (12 bytes)
1764789504.249204 sending message 112 to peer 0xb6b41c000 (12 bytes)
1764789504.249206 sending message 112 to peer 0xb6b41c000 (13 bytes)
1764789504.249208 sending message 112 to peer 0xb6b41c000 (13 bytes)
1764789504.249210 sending message 112 to peer 0xb6b41c000 (13 bytes)
1764789504.249212 sending message 112 to peer 0xb6b41c000 (13 bytes)
1764789504.249213 sending message 112 to peer 0xb6b41c000 (13 bytes)
1764789504.249215 sending message 112 to peer 0xb6b41c000 (10 bytes)
1764789504.249217 sending message 112 to peer 0xb6b41c000 (9 bytes)
1764789504.249219 sending message 112 to peer 0xb6b41c000 (12 bytes)
1764789504.249221 sending message 112 to peer 0xb6b41c000 (13 bytes)
1764789504.249223 sending message 112 to peer 0xb6b41c000 (13 bytes)
1764789504.249224 sending message 112 to peer 0xb6b41c000 (13 bytes)
1764789504.249226 sending message 112 to peer 0xb6b41c000 (13 bytes)
1764789504.249228 sending message 112 to peer 0xb6b41c000 (13 bytes)
1764789504.249230 sending message 112 to peer 0xb6b41c000 (9 bytes)
1764789504.249232 sending message 112 to peer 0xb6b41c000 (12 bytes)
1764789504.249234 sending message 112 to peer 0xb6b41c000 (13 bytes)
1764789504.249236 sending message 112 to peer 0xb6b41c000 (13 bytes)
1764789504.249238 sending message 112 to peer 0xb6b41c000 (13 bytes)
1764789504.249239 sending message 112 to peer 0xb6b41c000 (13 bytes)
1764789504.249241 sending message 112 to peer 0xb6b41c000 (13 bytes)
1764789504.249247 sending message 112 to peer 0xb6b41c000 (11 bytes)
1764789504.249248 sending message 112 to peer 0xb6b41c000 (12 bytes)
1764789504.249250 sending message 112 to peer 0xb6b41c000 (13 bytes)
1764789504.249252 sending message 112 to peer 0xb6b41c000 (13 bytes)
1764789504.249254 sending message 112 to peer 0xb6b41c000 (13 bytes)
1764789504.249256 sending message 112 to peer 0xb6b41c000 (13 bytes)
1764789504.249258 sending message 112 to peer 0xb6b41c000 (13 bytes)
1764789504.249260 sending message 112 to peer 0xb6b41c000 (11 bytes)
1764789504.249262 sending message 112 to peer 0xb6b41c000 (12 bytes)
1764789504.249264 sending message 112 to peer 0xb6b41c000 (12 bytes)
1764789504.249266 sending message 112 to peer 0xb6b41c000 (12 bytes)
1764789504.249268 sending message 112 to peer 0xb6b41c000 (12 bytes)
1764789504.249270 sending message 112 to peer 0xb6b41c000 (12 bytes)
1764789504.249272 sending message 112 to peer 0xb6b41c000 (21 bytes)
1764789504.249274 sending message 112 to peer 0xb6b41c000 (12 bytes)
1764789504.249276 sending message 112 to peer 0xb6b41c000 (9 bytes)
1764789504.249278 sending message 112 to peer 0xb6b41c000 (6 bytes)
1764789504.249279 sending message 112 to peer 0xb6b41c000 (13 bytes)
1764789504.249281 sending message 112 to peer 0xb6b41c000 (10 bytes)
1764789504.249283 sending message 112 to peer 0xb6b41c000 (24 bytes)
1764789504.249285 sending message 112 to peer 0xb6b41c000 (13 bytes)
1764789504.249287 sending message 112 to peer 0xb6b41c000 (9 bytes)
1764789504.249289 sending message 112 to peer 0xb6b41c000 (70 bytes)
1764789504.249291 sending message 112 to peer 0xb6b41c000 (69 bytes)
1764789504.249293 sending message 112 to peer 0xb6b41c000 (12 bytes)
1764789504.249295 sending message 112 to peer 0xb6b41c000 (10 bytes)
1764789504.249296 sending message 112 to peer 0xb6b41c000 (10 bytes)
1764789504.249298 sending message 112 to peer 0xb6b41c000 (24 bytes)
1764789504.249300 sending message 112 to peer 0xb6b41c000 (13 bytes)
1764789504.249302 sending message 112 to peer 0xb6b41c000 (10 bytes)
1764789504.249304 sending message 112 to peer 0xb6b41c000 (10 bytes)
1764789504.249306 sending message 112 to peer 0xb6b41c000 (10 bytes)
1764789504.249308 sending message 112 to peer 0xb6b41c000 (13 bytes)
1764789504.249310 sending message 112 to peer 0xb6b41c000 (15 bytes)
1764789504.249312 sending message 112 to peer 0xb6b41c000 (5 bytes)
1764789504.249314 sending message 104 to peer 0xb6b41c000 (0 bytes)
1764789504.249316 sending message 110 to peer 0xb6b41c000 (0 bytes)
1764789504.249318 sending message 107 to peer 0xb6b41c000 (4 bytes)
1764789504.249320 sending message 105 to peer 0xb6b41c000 (28 bytes)
1764789504.249322 sending message 105 to peer 0xb6b41c000 (15 bytes)
1764789504.249324 sending message 105 to peer 0xb6b41c000 (20 bytes)
1764789504.249326 sending message 105 to peer 0xb6b41c000 (57 bytes)
1764789504.249328 sending message 105 to peer 0xb6b41c000 (25 bytes)
1764789504.249330 sending message 105 to peer 0xb6b41c000 (53 bytes)
1764789504.249332 sending message 105 to peer 0xb6b41c000 (17 bytes)
1764789504.249334 sending message 105 to peer 0xb6b41c000 (66 bytes)
1764789504.249336 sending message 105 to peer 0xb6b41c000 (612 bytes)
1764789504.249338 sending message 105 to peer 0xb6b41c000 (40 bytes)
1764789504.249340 sending message 105 to peer 0xb6b41c000 (32 bytes)
1764789504.249342 sending message 105 to peer 0xb6b41c000 (14 bytes)
1764789504.249344 sending message 105 to peer 0xb6b41c000 (19 bytes)
1764789504.249346 sending message 105 to peer 0xb6b41c000 (8 bytes)
1764789504.249348 sending message 105 to peer 0xb6b41c000 (24 bytes)
1764789504.249350 sending message 105 to peer 0xb6b41c000 (20 bytes)
1764789504.249352 sending message 105 to peer 0xb6b41c000 (18 bytes)
1764789504.249354 sending message 105 to peer 0xb6b41c000 (20 bytes)
1764789504.249356 sending message 105 to peer 0xb6b41c000 (26 bytes)
1764789504.249358 sending message 105 to peer 0xb6b41c000 (34 bytes)
1764789504.249360 sending message 105 to peer 0xb6b41c000 (11 bytes)
1764789504.249369 sending message 105 to peer 0xb6b41c000 (8 bytes)
1764789504.249372 sending message 105 to peer 0xb6b41c000 (32 bytes)
1764789504.249373 sending message 105 to peer 0xb6b41c000 (96 bytes)
1764789504.249376 sending message 105 to peer 0xb6b41c000 (32 bytes)
1764789504.249378 sending message 105 to peer 0xb6b41c000 (16 bytes)
1764789504.249379 sending message 105 to peer 0xb6b41c000 (59 bytes)
1764789504.249382 sending message 105 to peer 0xb6b41c000 (68 bytes)
1764789504.249383 sending message 105 to peer 0xb6b41c000 (42 bytes)
1764789504.249385 sending message 105 to peer 0xb6b41c000 (10 bytes)
1764789504.249387 sending message 105 to peer 0xb6b41c000 (26 bytes)
1764789504.249389 sending message 105 to peer 0xb6b41c000 (12 bytes)
1764789504.249391 sending message 105 to peer 0xb6b41c000 (22 bytes)
1764789504.249393 sending message 105 to peer 0xb6b41c000 (15 bytes)
1764789504.249395 sending message 105 to peer 0xb6b41c000 (13 bytes)
1764789504.249397 sending message 105 to peer 0xb6b41c000 (25 bytes)
1764789504.249399 sending message 106 to peer 0xb6b41c000 (0 bytes)
1764789504.249442 sending message 200 to peer 0xb6b41c000 (4 bytes)
1764789504.249446 client loop enter
1764789504.279444 peer 0xb6b41c000 message 207
1764789504.279455 sending message 208 to peer 0xb6b41c000 (0 bytes)
1764789594.320861 client_signal: Window size changes: 28
1764789594.321044 sending message 208 to peer 0xb6b41c000 (0 bytes)
1764789594.336080 client_signal: Window size changes: 28
1764789594.336098 sending message 208 to peer 0xb6b41c000 (0 bytes)
1764789594.352806 client_signal: Window size changes: 28
1764789594.352826 sending message 208 to peer 0xb6b41c000 (0 bytes)
1764789594.369505 client_signal: Window size changes: 28
1764789594.369530 sending message 208 to peer 0xb6b41c000 (0 bytes)
1764789594.391587 client_signal: Window size changes: 28
1764789594.391616 sending message 208 to peer 0xb6b41c000 (0 bytes)
1764789594.403002 client_signal: Window size changes: 28
1764789594.403060 sending message 208 to peer 0xb6b41c000 (0 bytes)
1764789594.419590 client_signal: Window size changes: 28
1764789594.419651 sending message 208 to peer 0xb6b41c000 (0 bytes)
1764789594.436302 client_signal: Window size changes: 28
1764789594.436366 sending message 208 to peer 0xb6b41c000 (0 bytes)
1764789594.456486 client_signal: Window size changes: 28
1764789594.456515 sending message 208 to peer 0xb6b41c000 (0 bytes)
1764789594.470283 client_signal: Window size changes: 28
1764789594.470312 sending message 208 to peer 0xb6b41c000 (0 bytes)
1764789594.486056 client_signal: Window size changes: 28
1764789594.486073 sending message 208 to peer 0xb6b41c000 (0 bytes)
1764789594.502714 client_signal: Window size changes: 28
1764789594.502731 sending message 208 to peer 0xb6b41c000 (0 bytes)
1764789594.519446 client_signal: Window size changes: 28
1764789594.519473 sending message 208 to peer 0xb6b41c000 (0 bytes)
1764789594.536096 client_signal: Window size changes: 28
1764789594.536115 sending message 208 to peer 0xb6b41c000 (0 bytes)
1764789594.555654 client_signal: Window size changes: 28
1764789594.555676 sending message 208 to peer 0xb6b41c000 (0 bytes)
1764789594.569326 client_signal: Window size changes: 28
1764789594.569339 sending message 208 to peer 0xb6b41c000 (0 bytes)
1764789594.586038 client_signal: Window size changes: 28
1764789594.586050 sending message 208 to peer 0xb6b41c000 (0 bytes)
1764789594.602780 client_signal: Window size changes: 28
1764789594.602802 sending message 208 to peer 0xb6b41c000 (0 bytes)
1764789594.619474 client_signal: Window size changes: 28
1764789594.619497 sending message 208 to peer 0xb6b41c000 (0 bytes)
1764789594.636098 client_signal: Window size changes: 28
1764789594.636119 sending message 208 to peer 0xb6b41c000 (0 bytes)
1764790129.947219 client_signal: Window size changes: 28
1764790129.947807 sending message 208 to peer 0xb6b41c000 (0 bytes)
1764791244.787158 peer 0xb6b41c000 message 203
1764791244.787360 sending message 205 to peer 0xb6b41c000 (0 bytes)
1764791244.787912 peer 0xb6b41c000 message 204
1764791244.787954 client loop exit
